# ✅ 인덱스 스킵 스캔
---
> 복합 인덱스에서 선행 컬럼이 없더라도 후행 컬럼 조건으로 인덱스를 활용할 수 있게 해주는 최적화 전략입니다.

선행 컬럼의 고유값이 적을 때 유리합니다.
* 선행 컬럼의 개수만큼 인덱스를 반복 탐색(랜덤 액세스), 결국 디스크 전체 탐색과 유사합니다.
* 후행 조건(WHERE)을 만족할 수 없다고 판단하는 경우 통계 기반으로 블록을 건너뛰는 최적화가 발생할 수 있습니다.

다음 쿼리로 MySQL 옵티마이저의 시스템 변수 설정 상태를 확인할 수 있습니다.
```sql
SHOW VARIABLES LIKE 'optimizer_switch';

skip_scan=on,hash_join=on
```
기본적으로 인덱스 스킵 스캔은 ON되어 있는 상태입니다.

다음과 같이 다중 컬럼 인덱스를 생성했습니다.
```sql
CREATE INDEX idx_gender_age ON users(gender, age);

SHOW INDEX FROM users;
+-------+------------+----------------+--------------+-------------+-----------+-------------+----------+--------+------+------------+---------+---------------+---------+------------+
| Table | Non_unique | Key_name       | Seq_in_index | Column_name | Collation | Cardinality | Sub_part | Packed | Null | Index_type | Comment | Index_comment | Visible | Expression |
+-------+------------+----------------+--------------+-------------+-----------+-------------+----------+--------+------+------------+---------+---------------+---------+------------+
| users |          0 | PRIMARY        |            1 | id          | A         |           4 |     NULL |   NULL |      | BTREE      |         |               | YES     | NULL       |
| users |          1 | idx_gender_age |            1 | gender      | A         |           2 |     NULL |   NULL | YES  | BTREE      |         |               | YES     | NULL       |
| users |          1 | idx_gender_age |            2 | age         | A         |           4 |     NULL |   NULL | YES  | BTREE      |         |               | YES     | NULL       |
+-------+------------+----------------+--------------+-------------+-----------+-------------+----------+--------+------+------------+---------+---------------+---------+------------+
```
`(gender, age)`의 인덱스만 있는 상태입니다.

해당 쿼리의 실행 계획을 봤을 때, `possible_keys`, `key`로 `idx_gender_age`를 사용하는 것을 확인 할 수 있습니다.
또한 `Using index for skip scan`을 통해 인덱스 스킵 스캔을 사용하는 것을 확인할 수 있습니다.
```sql
EXPLAIN SELECT * FROM users WHERE age > 30;
+----+-------------+-------+------------+-------+----------------+----------------+---------+------+-------+----------+----------------------------------------+
| id | select_type | table | partitions | type  | possible_keys  | key            | key_len | ref  | rows  | filtered | Extra                                  |
+----+-------------+-------+------------+-------+----------------+----------------+---------+------+-------+----------+----------------------------------------+
|  1 | SIMPLE      | users | NULL       | range | idx_gender_age | idx_gender_age | 10      | NULL | 33471 |   100.00 | Using where; Using index for skip scan |
+----+-------------+-------+------------+-------+----------------+----------------+---------+------+-------+----------+----------------------------------------+
1 row in set, 1 warning (0.00 sec)
```

```sql
EXPLAIN ANALYZE SELECT * FROM users WHERE age > 30;
-> Filter: (users.age > 30)  (cost=8386 rows=33471) (actual time=0.117..68.9 rows=70061 loops=1)
-> Covering index skip scan on users using idx_gender_age over 30 < age  (cost=8386 rows=33471) (actual time=0.113..59.3 rows=70061 loops=1)
```
실제 쿼리를 실행하면 68.9ms가 소요됩니다.

```sql
SET optimizer_switch = 'skip_scan=off';

SHOW VARIABLES LIKE 'optimizer_switch';

skip_scan=off
```
해당 쿼리의 실행 계획을 봤을 때, `possible_keys`에 `NULL`이 나오는 것을 확인할 수 있습니다.
* MySQL은 기본적으로 복합 인덱스의 가장 왼쪽 컬럼부터 사용 가능한 경우에만 `possible_keys`에 포함시키기 때문입니다.

하지만 `key`에서는 해당 인덱스를 사용하는 것을 확인할 수 있습니다.
* 실제 사용된 인덱스
```sql
mysql> EXPLAIN SELECT * FROM users WHERE age > 30;
+----+-------------+-------+------------+-------+---------------+----------------+---------+------+--------+----------+--------------------------+
| id | select_type | table | partitions | type  | possible_keys | key            | key_len | ref  | rows   | filtered | Extra                    |
+----+-------------+-------+------------+-------+---------------+----------------+---------+------+--------+----------+--------------------------+
|  1 | SIMPLE      | users | NULL       | index | NULL          | idx_gender_age | 10      | NULL | 100425 |    33.33 | Using where; Using index |
+----+-------------+-------+------------+-------+---------------+----------------+---------+------+--------+----------+--------------------------+
1 row in set, 1 warning (0.00 sec)
```

```sql
-> Filter: (users.age > 30)  (cost=10099 rows=33472) (actual time=13.9..54.2 rows=70061 loops=1)
-> Covering index scan on users using idx_gender_age  (cost=10099 rows=100425) (actual time=4.43..45.2 rows=100000 loops=1)
```
실제 쿼리를 실행하면 54.2ms가 소요됩니다.

어째서인지 인덱스 스킵 스캔을 사용하지 않는 경우가 더 속도가 빠릅니다.
* 이 쿼리는 gender, age만 SELECT에 필요하고, 이 두 컬럼은 인덱스에 전부 포함(커버링 인덱스)되어 있기 때문입니다.

커버링 인덱스(인덱스 레인지 스캔)은 단순히 인덱스를 처음부터 끝까지 1회 순회하는데 비해, 인덱스 스킵 스캔은 조건 없는 선행 컬럼을 가정하여 반복적으로 인덱스를 랜덤 액세스하기 때문에 더 느립니다.
